2025-03-26 16:48:27,908 [main] INFO  d.i.mongodb.perf.MongoDbAccessor - >>> init localhost:27017
2025-03-26 16:48:28,097 [main] INFO  org.mongodb.driver.cluster - Cluster created with settings {hosts=[localhost:27017], mode=SINGLE, requiredClusterType=UNKNOWN, serverSelectionTimeout='30000 ms', maxWaitQueueSize=50000}
2025-03-26 16:48:28,119 [main] INFO  d.i.mongodb.perf.MongoDbAccessor - <<< init
2025-03-26 16:48:28,120 [main] INFO  de.idealo.mongodb.perf.Main - OPERATION SETUP: Total modes 1
2025-03-26 16:48:28,120 [main] INFO  de.idealo.mongodb.perf.Main - OPERATION SETUP: Adding run mode INSERT
2025-03-26 16:48:28,133 [main] INFO  org.mongodb.driver.cluster - Cluster description not yet available. Waiting for 30000 ms before timing out
2025-03-26 16:48:28,152 [cluster-ClusterId{value='67e45a0c02a40b6c0759af6d', description='null'}-localhost:27017] INFO  org.mongodb.driver.connection - Opened connection [connectionId{localValue:1, serverValue:68}] to localhost:27017
2025-03-26 16:48:28,156 [cluster-ClusterId{value='67e45a0c02a40b6c0759af6d', description='null'}-localhost:27017] INFO  org.mongodb.driver.cluster - Monitor thread successfully connected to server with description ServerDescription{address=localhost:27017, type=STANDALONE, state=CONNECTED, ok=true, version=ServerVersion{versionList=[8, 0, 5]}, minWireVersion=0, maxWireVersion=25, maxDocumentSize=16777216, logicalSessionTimeoutMinutes=30, roundTripTimeNanos=2535738}
2025-03-26 16:48:28,167 [main] INFO  org.mongodb.driver.connection - Opened connection [connectionId{localValue:2, serverValue:69}] to localhost:27017
2025-03-26 16:48:28,190 [main] INFO  d.i.mongodb.perf.OperationExecutor - >>> OperationExecutor threadCount: 10, opsCount: 1000000, maxDurationInSeconds: 3600, operation: InsertOperation
2025-03-26 16:48:28,191 [main] INFO  d.i.mongodb.perf.OperationExecutor - java execution path: /Users/manoelribeiroalmeida/Desktop/dev/sbbd2025/test.jar
2025-03-26 16:48:28,213 [pool-2-thread-10] INFO  org.mongodb.driver.connection - Opened connection [connectionId{localValue:4, serverValue:71}] to localhost:27017
2025-03-26 16:48:28,214 [pool-2-thread-9] INFO  org.mongodb.driver.connection - Opened connection [connectionId{localValue:5, serverValue:70}] to localhost:27017
2025-03-26 16:48:28,214 [pool-2-thread-6] INFO  org.mongodb.driver.connection - Opened connection [connectionId{localValue:3, serverValue:73}] to localhost:27017
2025-03-26 16:48:28,214 [pool-2-thread-2] INFO  org.mongodb.driver.connection - Opened connection [connectionId{localValue:11, serverValue:74}] to localhost:27017
2025-03-26 16:48:28,214 [pool-2-thread-8] INFO  org.mongodb.driver.connection - Opened connection [connectionId{localValue:6, serverValue:72}] to localhost:27017
2025-03-26 16:48:28,214 [pool-2-thread-7] INFO  org.mongodb.driver.connection - Opened connection [connectionId{localValue:7, serverValue:75}] to localhost:27017
2025-03-26 16:48:28,214 [pool-2-thread-5] INFO  org.mongodb.driver.connection - Opened connection [connectionId{localValue:9, serverValue:76}] to localhost:27017
2025-03-26 16:48:28,215 [pool-2-thread-1] INFO  org.mongodb.driver.connection - Opened connection [connectionId{localValue:8, serverValue:77}] to localhost:27017
2025-03-26 16:48:28,216 [pool-2-thread-4] INFO  org.mongodb.driver.connection - Opened connection [connectionId{localValue:10, serverValue:78}] to localhost:27017
26/03/2025 16:48:29 ============================================================

-- Timers ----------------------------------------------------------------------
stats-per-second-INSERT
             count = 9230
         mean rate = 9066,94 calls/second
     1-minute rate = 0,00 calls/second
     5-minute rate = 0,00 calls/second
    15-minute rate = 0,00 calls/second
               min = 0,59 milliseconds
               max = 12,51 milliseconds
              mean = 1,08 milliseconds
            stddev = 0,58 milliseconds
            median = 1,01 milliseconds
              75% <= 1,13 milliseconds
              95% <= 1,37 milliseconds
              98% <= 1,66 milliseconds
              99% <= 2,49 milliseconds
            99.9% <= 12,42 milliseconds


26/03/2025 16:48:30 ============================================================

-- Timers ----------------------------------------------------------------------
stats-per-second-INSERT
             count = 19829
         mean rate = 9759,55 calls/second
     1-minute rate = 0,00 calls/second
     5-minute rate = 0,00 calls/second
    15-minute rate = 0,00 calls/second
               min = 0,56 milliseconds
               max = 8,08 milliseconds
              mean = 0,95 milliseconds
            stddev = 0,29 milliseconds
            median = 0,91 milliseconds
              75% <= 1,02 milliseconds
              95% <= 1,21 milliseconds
              98% <= 1,31 milliseconds
              99% <= 1,41 milliseconds
            99.9% <= 5,48 milliseconds


26/03/2025 16:48:31 ============================================================

-- Timers ----------------------------------------------------------------------
stats-per-second-INSERT
             count = 31617
         mean rate = 10396,12 calls/second
     1-minute rate = 0,00 calls/second
     5-minute rate = 0,00 calls/second
    15-minute rate = 0,00 calls/second
               min = 0,54 milliseconds
               max = 6,99 milliseconds
              mean = 0,85 milliseconds
            stddev = 0,19 milliseconds
            median = 0,84 milliseconds
              75% <= 0,90 milliseconds
              95% <= 1,00 milliseconds
              98% <= 1,05 milliseconds
              99% <= 1,09 milliseconds
            99.9% <= 1,47 milliseconds


26/03/2025 16:48:32 ============================================================

-- Timers ----------------------------------------------------------------------
stats-per-second-INSERT
             count = 43323
         mean rate = 10696,11 calls/second
     1-minute rate = 0,00 calls/second
     5-minute rate = 0,00 calls/second
    15-minute rate = 0,00 calls/second
               min = 0,55 milliseconds
               max = 3,89 milliseconds
              mean = 0,86 milliseconds
            stddev = 0,13 milliseconds
            median = 0,85 milliseconds
              75% <= 0,91 milliseconds
              95% <= 1,02 milliseconds
              98% <= 1,07 milliseconds
              99% <= 1,13 milliseconds
            99.9% <= 2,12 milliseconds


26/03/2025 16:48:33 ============================================================

-- Timers ----------------------------------------------------------------------
stats-per-second-INSERT
             count = 55124
         mean rate = 10903,33 calls/second
     1-minute rate = 10895,60 calls/second
     5-minute rate = 10896,00 calls/second
    15-minute rate = 10896,00 calls/second
               min = 0,54 milliseconds
               max = 2,11 milliseconds
              mean = 0,84 milliseconds
            stddev = 0,09 milliseconds
            median = 0,84 milliseconds
              75% <= 0,91 milliseconds
              95% <= 1,00 milliseconds
              98% <= 1,04 milliseconds
              99% <= 1,07 milliseconds
            99.9% <= 1,23 milliseconds


26/03/2025 16:48:34 ============================================================

-- Timers ----------------------------------------------------------------------
stats-per-second-INSERT
             count = 66375
         mean rate = 10944,78 calls/second
     1-minute rate = 10895,60 calls/second
     5-minute rate = 10896,00 calls/second
    15-minute rate = 10896,00 calls/second
               min = 0,56 milliseconds
               max = 3,95 milliseconds
              mean = 0,89 milliseconds
            stddev = 0,21 milliseconds
            median = 0,86 milliseconds
              75% <= 0,93 milliseconds
              95% <= 1,14 milliseconds
              98% <= 1,39 milliseconds
              99% <= 1,69 milliseconds
            99.9% <= 3,36 milliseconds


26/03/2025 16:48:35 ============================================================

-- Timers ----------------------------------------------------------------------
stats-per-second-INSERT
             count = 78133
         mean rate = 11050,72 calls/second
     1-minute rate = 10895,60 calls/second
     5-minute rate = 10896,00 calls/second
    15-minute rate = 10896,00 calls/second
               min = 0,53 milliseconds
               max = 3,93 milliseconds
              mean = 0,85 milliseconds
            stddev = 0,13 milliseconds
            median = 0,84 milliseconds
              75% <= 0,90 milliseconds
              95% <= 1,00 milliseconds
              98% <= 1,05 milliseconds
              99% <= 1,10 milliseconds
            99.9% <= 2,00 milliseconds


26/03/2025 16:48:36 ============================================================

-- Timers ----------------------------------------------------------------------
stats-per-second-INSERT
             count = 89829
         mean rate = 11123,78 calls/second
     1-minute rate = 10895,60 calls/second
     5-minute rate = 10896,00 calls/second
    15-minute rate = 10896,00 calls/second
               min = 0,53 milliseconds
               max = 2,56 milliseconds
              mean = 0,85 milliseconds
            stddev = 0,11 milliseconds
            median = 0,85 milliseconds
              75% <= 0,91 milliseconds
              95% <= 1,02 milliseconds
              98% <= 1,10 milliseconds
              99% <= 1,17 milliseconds
            99.9% <= 1,91 milliseconds


26/03/2025 16:48:37 ============================================================

-- Timers ----------------------------------------------------------------------
stats-per-second-INSERT
             count = 101552
         mean rate = 11180,50 calls/second
     1-minute rate = 10895,60 calls/second
     5-minute rate = 10896,00 calls/second
    15-minute rate = 10896,00 calls/second
               min = 0,55 milliseconds
               max = 4,47 milliseconds
              mean = 0,85 milliseconds
            stddev = 0,13 milliseconds
            median = 0,85 milliseconds
              75% <= 0,91 milliseconds
              95% <= 1,02 milliseconds
              98% <= 1,07 milliseconds
              99% <= 1,12 milliseconds
            99.9% <= 1,91 milliseconds


26/03/2025 16:48:38 ============================================================

-- Timers ----------------------------------------------------------------------
stats-per-second-INSERT
             count = 113411
         mean rate = 11243,10 calls/second
     1-minute rate = 10950,39 calls/second
     5-minute rate = 10907,31 calls/second
    15-minute rate = 10899,79 calls/second
               min = 0,55 milliseconds
               max = 3,71 milliseconds
              mean = 0,84 milliseconds
            stddev = 0,12 milliseconds
            median = 0,84 milliseconds
              75% <= 0,90 milliseconds
              95% <= 1,00 milliseconds
              98% <= 1,05 milliseconds
              99% <= 1,08 milliseconds
            99.9% <= 1,62 milliseconds


26/03/2025 16:48:39 ============================================================

-- Timers ----------------------------------------------------------------------
stats-per-second-INSERT
             count = 125145
         mean rate = 11282,96 calls/second
     1-minute rate = 10950,39 calls/second
     5-minute rate = 10907,31 calls/second
    15-minute rate = 10899,79 calls/second
               min = 0,55 milliseconds
               max = 2,36 milliseconds
              mean = 0,85 milliseconds
            stddev = 0,10 milliseconds
            median = 0,85 milliseconds
              75% <= 0,91 milliseconds
              95% <= 1,02 milliseconds
              98% <= 1,07 milliseconds
              99% <= 1,12 milliseconds
            99.9% <= 1,51 milliseconds


26/03/2025 16:48:40 ============================================================

-- Timers ----------------------------------------------------------------------
stats-per-second-INSERT
             count = 136958
         mean rate = 11319,58 calls/second
     1-minute rate = 10950,39 calls/second
     5-minute rate = 10907,31 calls/second
    15-minute rate = 10899,79 calls/second
               min = 0,53 milliseconds
               max = 3,64 milliseconds
              mean = 0,85 milliseconds
            stddev = 0,12 milliseconds
            median = 0,84 milliseconds
              75% <= 0,91 milliseconds
              95% <= 1,00 milliseconds
              98% <= 1,05 milliseconds
              99% <= 1,09 milliseconds
            99.9% <= 1,96 milliseconds


26/03/2025 16:48:41 ============================================================

-- Timers ----------------------------------------------------------------------
stats-per-second-INSERT
             count = 148741
         mean rate = 11351,46 calls/second
     1-minute rate = 10950,39 calls/second
     5-minute rate = 10907,31 calls/second
    15-minute rate = 10899,79 calls/second
               min = 0,53 milliseconds
               max = 3,92 milliseconds
              mean = 0,85 milliseconds
            stddev = 0,13 milliseconds
            median = 0,84 milliseconds
              75% <= 0,90 milliseconds
              95% <= 1,01 milliseconds
              98% <= 1,06 milliseconds
              99% <= 1,10 milliseconds
            99.9% <= 2,85 milliseconds


26/03/2025 16:48:42 ============================================================

-- Timers ----------------------------------------------------------------------
stats-per-second-INSERT
             count = 160540
         mean rate = 11376,06 calls/second
     1-minute rate = 10950,39 calls/second
     5-minute rate = 10907,31 calls/second
    15-minute rate = 10899,79 calls/second
               min = 0,56 milliseconds
               max = 3,48 milliseconds
              mean = 0,85 milliseconds
            stddev = 0,12 milliseconds
            median = 0,84 milliseconds
              75% <= 0,91 milliseconds
              95% <= 1,01 milliseconds
              98% <= 1,06 milliseconds
              99% <= 1,10 milliseconds
            99.9% <= 1,74 milliseconds


26/03/2025 16:48:43 ============================================================

-- Timers ----------------------------------------------------------------------
stats-per-second-INSERT
             count = 172307
         mean rate = 11397,59 calls/second
     1-minute rate = 11011,09 calls/second
     5-minute rate = 10920,57 calls/second
    15-minute rate = 10904,28 calls/second
               min = 0,56 milliseconds
               max = 2,27 milliseconds
              mean = 0,85 milliseconds
            stddev = 0,10 milliseconds
            median = 0,85 milliseconds
              75% <= 0,91 milliseconds
              95% <= 1,00 milliseconds
              98% <= 1,04 milliseconds
              99% <= 1,07 milliseconds
            99.9% <= 1,55 milliseconds


26/03/2025 16:48:44 ============================================================

-- Timers ----------------------------------------------------------------------
stats-per-second-INSERT
             count = 183475
         mean rate = 11378,45 calls/second
     1-minute rate = 11011,09 calls/second
     5-minute rate = 10920,57 calls/second
    15-minute rate = 10904,28 calls/second
               min = 0,53 milliseconds
               max = 3,83 milliseconds
              mean = 0,90 milliseconds
            stddev = 0,21 milliseconds
            median = 0,86 milliseconds
              75% <= 0,94 milliseconds
              95% <= 1,20 milliseconds
              98% <= 1,46 milliseconds
              99% <= 1,74 milliseconds
            99.9% <= 3,29 milliseconds


26/03/2025 16:48:45 ============================================================

-- Timers ----------------------------------------------------------------------
stats-per-second-INSERT
             count = 195161
         mean rate = 11392,97 calls/second
     1-minute rate = 11011,09 calls/second
     5-minute rate = 10920,57 calls/second
    15-minute rate = 10904,28 calls/second
               min = 0,53 milliseconds
               max = 2,82 milliseconds
              mean = 0,85 milliseconds
            stddev = 0,11 milliseconds
            median = 0,85 milliseconds
              75% <= 0,91 milliseconds
              95% <= 1,02 milliseconds
              98% <= 1,08 milliseconds
              99% <= 1,13 milliseconds
            99.9% <= 1,98 milliseconds


26/03/2025 16:48:46 ============================================================

-- Timers ----------------------------------------------------------------------
stats-per-second-INSERT
             count = 206810
         mean rate = 11404,56 calls/second
     1-minute rate = 11011,09 calls/second
     5-minute rate = 10920,57 calls/second
    15-minute rate = 10904,28 calls/second
               min = 0,54 milliseconds
               max = 4,70 milliseconds
              mean = 0,86 milliseconds
            stddev = 0,14 milliseconds
            median = 0,85 milliseconds
              75% <= 0,91 milliseconds
              95% <= 1,02 milliseconds
              98% <= 1,09 milliseconds
              99% <= 1,18 milliseconds
            99.9% <= 2,96 milliseconds


26/03/2025 16:48:47 ============================================================

-- Timers ----------------------------------------------------------------------
stats-per-second-INSERT
             count = 218517
         mean rate = 11417,83 calls/second
     1-minute rate = 11011,09 calls/second
     5-minute rate = 10920,57 calls/second
    15-minute rate = 10904,28 calls/second
               min = 0,55 milliseconds
               max = 3,61 milliseconds
              mean = 0,85 milliseconds
            stddev = 0,12 milliseconds
            median = 0,85 milliseconds
              75% <= 0,91 milliseconds
              95% <= 1,00 milliseconds
              98% <= 1,04 milliseconds
              99% <= 1,09 milliseconds
            99.9% <= 2,64 milliseconds


26/03/2025 16:48:48 ============================================================

-- Timers ----------------------------------------------------------------------
stats-per-second-INSERT
             count = 230314
         mean rate = 11433,42 calls/second
     1-minute rate = 11053,41 calls/second
     5-minute rate = 10930,82 calls/second
    15-minute rate = 10907,80 calls/second
               min = 0,58 milliseconds
               max = 3,82 milliseconds
              mean = 0,85 milliseconds
            stddev = 0,12 milliseconds
            median = 0,84 milliseconds
              75% <= 0,90 milliseconds
              95% <= 1,00 milliseconds
              98% <= 1,04 milliseconds
              99% <= 1,08 milliseconds
            99.9% <= 2,23 milliseconds


26/03/2025 16:48:49 ============================================================

-- Timers ----------------------------------------------------------------------
stats-per-second-INSERT
             count = 242019
         mean rate = 11442,91 calls/second
     1-minute rate = 11053,41 calls/second
     5-minute rate = 10930,82 calls/second
    15-minute rate = 10907,80 calls/second
               min = 0,56 milliseconds
               max = 2,36 milliseconds
              mean = 0,85 milliseconds
            stddev = 0,11 milliseconds
            median = 0,85 milliseconds
              75% <= 0,92 milliseconds
              95% <= 1,02 milliseconds
              98% <= 1,08 milliseconds
              99% <= 1,12 milliseconds
            99.9% <= 2,01 milliseconds


26/03/2025 16:48:50 ============================================================

-- Timers ----------------------------------------------------------------------
stats-per-second-INSERT
             count = 253280
         mean rate = 11430,74 calls/second
     1-minute rate = 11053,41 calls/second
     5-minute rate = 10930,82 calls/second
    15-minute rate = 10907,80 calls/second
               min = 0,57 milliseconds
               max = 7,15 milliseconds
              mean = 0,89 milliseconds
            stddev = 0,22 milliseconds
            median = 0,86 milliseconds
              75% <= 0,94 milliseconds
              95% <= 1,17 milliseconds
              98% <= 1,35 milliseconds
              99% <= 1,51 milliseconds
            99.9% <= 4,72 milliseconds


26/03/2025 16:48:51 ============================================================

-- Timers ----------------------------------------------------------------------
stats-per-second-INSERT
             count = 264976
         mean rate = 11438,49 calls/second
     1-minute rate = 11053,41 calls/second
     5-minute rate = 10930,82 calls/second
    15-minute rate = 10907,80 calls/second
               min = 0,54 milliseconds
               max = 2,14 milliseconds
              mean = 0,86 milliseconds
            stddev = 0,11 milliseconds
            median = 0,85 milliseconds
              75% <= 0,92 milliseconds
              95% <= 1,03 milliseconds
              98% <= 1,08 milliseconds
              99% <= 1,13 milliseconds
            99.9% <= 1,65 milliseconds


26/03/2025 16:48:52 ============================================================

-- Timers ----------------------------------------------------------------------
stats-per-second-INSERT
             count = 276577
         mean rate = 11443,06 calls/second
     1-minute rate = 11053,41 calls/second
     5-minute rate = 10930,82 calls/second
    15-minute rate = 10907,80 calls/second
               min = 0,55 milliseconds
               max = 3,08 milliseconds
              mean = 0,86 milliseconds
            stddev = 0,11 milliseconds
            median = 0,86 milliseconds
              75% <= 0,92 milliseconds
              95% <= 1,03 milliseconds
              98% <= 1,08 milliseconds
              99% <= 1,13 milliseconds
            99.9% <= 1,52 milliseconds


26/03/2025 16:48:53 ============================================================

-- Timers ----------------------------------------------------------------------
stats-per-second-INSERT
             count = 288287
         mean rate = 11451,60 calls/second
     1-minute rate = 11090,94 calls/second
     5-minute rate = 10940,60 calls/second
    15-minute rate = 10911,21 calls/second
               min = 0,52 milliseconds
               max = 4,81 milliseconds
              mean = 0,85 milliseconds
            stddev = 0,14 milliseconds
            median = 0,84 milliseconds
              75% <= 0,91 milliseconds
              95% <= 1,02 milliseconds
              98% <= 1,08 milliseconds
              99% <= 1,15 milliseconds
            99.9% <= 2,29 milliseconds


